Time = 20250625_025123
Running training with:
  Model Name      : GRU_64_2
  Sub Folder      : lr_0d001_beta_0d001_lf_nmse_date_20250625_025123
  Prefix          : lr_0d001_beta_0d001_lf_nmse_date_20250625_025123
  Batch Size      : 16
  Temporal Batch Size      : 2
  Num Workers     : 16
  Num Epochs      : 150
  Learning Rate   : 0.001
  Loss Type       : nmse
  Weighting factor   : 0.001
  Training Data Files Path : /leonardo_work/EUHPC_D17_070/Data_LSM_1990-2000/
  Testing Data Files Path : /leonardo_work/EUHPC_D17_070/Data_LSM_1990-2000/
  Train Year       : 1998
  Test Year        : 1999

Using device: cuda
=> Saving checkpoint
=> Saving checkpoint
=> Saving checkpoint
=> Saving checkpoint
=> Saving checkpoint
=> Saving checkpoint
=> Saving checkpoint
=> Saving checkpoint
=> Saving checkpoint
=> Saving checkpoint
=> Saving checkpoint
=> Saving checkpoint
=> Saving checkpoint
=> Saving checkpoint
=> Saving checkpoint
=> Saving checkpoint
Epoch 00070: reducing learning rate of group 0 to 5.0000e-04.
=> Saving checkpoint
Epoch 00078: reducing learning rate of group 0 to 2.5000e-04.
=> Saving checkpoint
=> Saving checkpoint
=> Saving checkpoint
=> Saving checkpoint
=> Saving checkpoint
=> Saving checkpoint
=> Saving checkpoint
=> Saving checkpoint
=> Saving checkpoint
=> Saving checkpoint
=> Saving checkpoint
=> Saving checkpoint
=> Saving checkpoint
=> Saving checkpoint
=> Saving checkpoint
=> Saving checkpoint
Epoch 00146: reducing learning rate of group 0 to 1.2500e-04.
=> Saving checkpoint
making plot 0
making plot 1
making plot 2
making plot 3
making plot 4
making plot 5
making plot 6
making plot 7
making plot 8
making plot 9
making plot 10
making plot 11
