2025-06-25 10:55:23.832518: I tensorflow/core/util/port.cc:113] oneDNN custom operations are on. You may see slightly different numerical results due to floating-point round-off errors from different computation orders. To turn them off, set the environment variable `TF_ENABLE_ONEDNN_OPTS=0`.
2025-06-25 10:55:24.483545: E external/local_xla/xla/stream_executor/cuda/cuda_dnn.cc:9261] Unable to register cuDNN factory: Attempting to register factory for plugin cuDNN when one has already been registered
2025-06-25 10:55:24.484689: E external/local_xla/xla/stream_executor/cuda/cuda_fft.cc:607] Unable to register cuFFT factory: Attempting to register factory for plugin cuFFT when one has already been registered
2025-06-25 10:55:24.581968: E external/local_xla/xla/stream_executor/cuda/cuda_blas.cc:1515] Unable to register cuBLAS factory: Attempting to register factory for plugin cuBLAS when one has already been registered
2025-06-25 10:55:24.816592: I tensorflow/core/platform/cpu_feature_guard.cc:182] This TensorFlow binary is optimized to use available CPU instructions in performance-critical operations.
To enable the following instructions: AVX2 AVX512F AVX512_VNNI FMA, in other operations, rebuild TensorFlow with the appropriate compiler flags.
2025-06-25 10:55:26.846366: W tensorflow/compiler/tf2tensorrt/utils/py_utils.cc:38] TF-TRT Warning: Could not find TensorRT
NetCDF files path: /leonardo_work/EUHPC_D17_070/Data_LSM_1990-2000/
NetCDF files path: /leonardo_work/EUHPC_D17_070/Data_LSM_1990-2000/
Found 16 training files:
  /leonardo_work/EUHPC_D17_070/Data_LSM_1990-2000/rtnetcdf_000_1998.nc
  /leonardo_work/EUHPC_D17_070/Data_LSM_1990-2000/rtnetcdf_001_1998.nc
  /leonardo_work/EUHPC_D17_070/Data_LSM_1990-2000/rtnetcdf_002_1998.nc
  /leonardo_work/EUHPC_D17_070/Data_LSM_1990-2000/rtnetcdf_003_1998.nc
  /leonardo_work/EUHPC_D17_070/Data_LSM_1990-2000/rtnetcdf_004_1998.nc
  /leonardo_work/EUHPC_D17_070/Data_LSM_1990-2000/rtnetcdf_005_1998.nc
  /leonardo_work/EUHPC_D17_070/Data_LSM_1990-2000/rtnetcdf_006_1998.nc
  /leonardo_work/EUHPC_D17_070/Data_LSM_1990-2000/rtnetcdf_007_1998.nc
  /leonardo_work/EUHPC_D17_070/Data_LSM_1990-2000/rtnetcdf_008_1998.nc
  /leonardo_work/EUHPC_D17_070/Data_LSM_1990-2000/rtnetcdf_009_1998.nc
  /leonardo_work/EUHPC_D17_070/Data_LSM_1990-2000/rtnetcdf_010_1998.nc
  /leonardo_work/EUHPC_D17_070/Data_LSM_1990-2000/rtnetcdf_011_1998.nc
  /leonardo_work/EUHPC_D17_070/Data_LSM_1990-2000/rtnetcdf_012_1998.nc
  /leonardo_work/EUHPC_D17_070/Data_LSM_1990-2000/rtnetcdf_013_1998.nc
  /leonardo_work/EUHPC_D17_070/Data_LSM_1990-2000/rtnetcdf_014_1998.nc
  /leonardo_work/EUHPC_D17_070/Data_LSM_1990-2000/rtnetcdf_015_1998.nc
Found 16 test files:
  /leonardo_work/EUHPC_D17_070/Data_LSM_1990-2000/rtnetcdf_000_2000.nc
  /leonardo_work/EUHPC_D17_070/Data_LSM_1990-2000/rtnetcdf_001_2000.nc
  /leonardo_work/EUHPC_D17_070/Data_LSM_1990-2000/rtnetcdf_002_2000.nc
  /leonardo_work/EUHPC_D17_070/Data_LSM_1990-2000/rtnetcdf_003_2000.nc
  /leonardo_work/EUHPC_D17_070/Data_LSM_1990-2000/rtnetcdf_004_2000.nc
  /leonardo_work/EUHPC_D17_070/Data_LSM_1990-2000/rtnetcdf_005_2000.nc
  /leonardo_work/EUHPC_D17_070/Data_LSM_1990-2000/rtnetcdf_006_2000.nc
  /leonardo_work/EUHPC_D17_070/Data_LSM_1990-2000/rtnetcdf_007_2000.nc
  /leonardo_work/EUHPC_D17_070/Data_LSM_1990-2000/rtnetcdf_008_2000.nc
  /leonardo_work/EUHPC_D17_070/Data_LSM_1990-2000/rtnetcdf_009_2000.nc
  /leonardo_work/EUHPC_D17_070/Data_LSM_1990-2000/rtnetcdf_010_2000.nc
  /leonardo_work/EUHPC_D17_070/Data_LSM_1990-2000/rtnetcdf_011_2000.nc
  /leonardo_work/EUHPC_D17_070/Data_LSM_1990-2000/rtnetcdf_012_2000.nc
  /leonardo_work/EUHPC_D17_070/Data_LSM_1990-2000/rtnetcdf_013_2000.nc
  /leonardo_work/EUHPC_D17_070/Data_LSM_1990-2000/rtnetcdf_014_2000.nc
  /leonardo_work/EUHPC_D17_070/Data_LSM_1990-2000/rtnetcdf_015_2000.nc
Time range: 0 ... 288
Spatial batches: 16
Temporal batches: 1
Model Info: {'Total': 102660, 'Trainable': 102660}
Using 2 GPUs!
Start inference...
Traceback (most recent call last):
  File "/leonardo/home/userexternal/kardaneh/RTnn/src/inference_lsm.py", line 204, in <module>
    valid_loss, valid_metrics = check_accuracy_evaluate_lsm(
                                ^^^^^^^^^^^^^^^^^^^^^^^^^^^^
  File "/leonardo/home/userexternal/kardaneh/RTnn/src/evaluate_helper.py", line 204, in check_accuracy_evaluate_lsm
    plot_flux_and_abs(
  File "/leonardo/home/userexternal/kardaneh/RTnn/src/plot_helper.py", line 165, in plot_flux_and_abs
    plt.savefig(filename, bbox_inches='tight')
  File "/leonardo/prod/opt/libraries/cineca-ai/4.1.1/none/cineca-ai-env/lib/python3.11/site-packages/matplotlib/pyplot.py", line 1134, in savefig
    res = fig.savefig(*args, **kwargs)  # type: ignore[func-returns-value]
          ^^^^^^^^^^^^^^^^^^^^^^^^^^^^
  File "/leonardo/prod/opt/libraries/cineca-ai/4.1.1/none/cineca-ai-env/lib/python3.11/site-packages/matplotlib/figure.py", line 3390, in savefig
    self.canvas.print_figure(fname, **kwargs)
  File "/leonardo/prod/opt/libraries/cineca-ai/4.1.1/none/cineca-ai-env/lib/python3.11/site-packages/matplotlib/backend_bases.py", line 2164, in print_figure
    self.figure.draw(renderer)
  File "/leonardo/prod/opt/libraries/cineca-ai/4.1.1/none/cineca-ai-env/lib/python3.11/site-packages/matplotlib/artist.py", line 95, in draw_wrapper
    result = draw(artist, renderer, *args, **kwargs)
             ^^^^^^^^^^^^^^^^^^^^^^^^^^^^^^^^^^^^^^^
  File "/leonardo/prod/opt/libraries/cineca-ai/4.1.1/none/cineca-ai-env/lib/python3.11/site-packages/matplotlib/artist.py", line 72, in draw_wrapper
    return draw(artist, renderer)
           ^^^^^^^^^^^^^^^^^^^^^^
  File "/leonardo/prod/opt/libraries/cineca-ai/4.1.1/none/cineca-ai-env/lib/python3.11/site-packages/matplotlib/figure.py", line 3154, in draw
    mimage._draw_list_compositing_images(
  File "/leonardo/prod/opt/libraries/cineca-ai/4.1.1/none/cineca-ai-env/lib/python3.11/site-packages/matplotlib/image.py", line 132, in _draw_list_compositing_images
    a.draw(renderer)
  File "/leonardo/prod/opt/libraries/cineca-ai/4.1.1/none/cineca-ai-env/lib/python3.11/site-packages/matplotlib/artist.py", line 72, in draw_wrapper
    return draw(artist, renderer)
           ^^^^^^^^^^^^^^^^^^^^^^
  File "/leonardo/prod/opt/libraries/cineca-ai/4.1.1/none/cineca-ai-env/lib/python3.11/site-packages/matplotlib/axes/_base.py", line 3034, in draw
    self._update_title_position(renderer)
  File "/leonardo/prod/opt/libraries/cineca-ai/4.1.1/none/cineca-ai-env/lib/python3.11/site-packages/matplotlib/axes/_base.py", line 2988, in _update_title_position
    if title.get_window_extent(renderer).ymin < top:
       ^^^^^^^^^^^^^^^^^^^^^^^^^^^^^^^^^
  File "/leonardo/prod/opt/libraries/cineca-ai/4.1.1/none/cineca-ai-env/lib/python3.11/site-packages/matplotlib/text.py", line 956, in get_window_extent
    bbox, info, descent = self._get_layout(self._renderer)
                          ^^^^^^^^^^^^^^^^^^^^^^^^^^^^^^^^
  File "/leonardo/prod/opt/libraries/cineca-ai/4.1.1/none/cineca-ai-env/lib/python3.11/site-packages/matplotlib/text.py", line 381, in _get_layout
    w, h, d = _get_text_metrics_with_cache(
              ^^^^^^^^^^^^^^^^^^^^^^^^^^^^^
  File "/leonardo/prod/opt/libraries/cineca-ai/4.1.1/none/cineca-ai-env/lib/python3.11/site-packages/matplotlib/text.py", line 69, in _get_text_metrics_with_cache
    return _get_text_metrics_with_cache_impl(
           ^^^^^^^^^^^^^^^^^^^^^^^^^^^^^^^^^^
  File "/leonardo/prod/opt/libraries/cineca-ai/4.1.1/none/cineca-ai-env/lib/python3.11/site-packages/matplotlib/text.py", line 77, in _get_text_metrics_with_cache_impl
    return renderer_ref().get_text_width_height_descent(text, fontprop, ismath)
           ^^^^^^^^^^^^^^^^^^^^^^^^^^^^^^^^^^^^^^^^^^^^^^^^^^^^^^^^^^^^^^^^^^^^
  File "/leonardo/prod/opt/libraries/cineca-ai/4.1.1/none/cineca-ai-env/lib/python3.11/site-packages/matplotlib/backends/backend_agg.py", line 217, in get_text_width_height_descent
    self.mathtext_parser.parse(s, self.dpi, prop)
  File "/leonardo/prod/opt/libraries/cineca-ai/4.1.1/none/cineca-ai-env/lib/python3.11/site-packages/matplotlib/mathtext.py", line 79, in parse
    return self._parse_cached(s, dpi, prop, antialiased)
           ^^^^^^^^^^^^^^^^^^^^^^^^^^^^^^^^^^^^^^^^^^^^^
  File "/leonardo/prod/opt/libraries/cineca-ai/4.1.1/none/cineca-ai-env/lib/python3.11/site-packages/matplotlib/mathtext.py", line 100, in _parse_cached
    box = self._parser.parse(s, fontset, fontsize, dpi)
          ^^^^^^^^^^^^^^^^^^^^^^^^^^^^^^^^^^^^^^^^^^^^^
  File "/leonardo/prod/opt/libraries/cineca-ai/4.1.1/none/cineca-ai-env/lib/python3.11/site-packages/matplotlib/_mathtext.py", line 2165, in parse
    raise ValueError("\n" + ParseException.explain(err, 0)) from None
ValueError: 
\mathrm{
        ^
ParseFatalException: Expected '}', found end of text  (at char 8), (line:1, col:9)
