2025-06-25 15:21:29.197187: I tensorflow/core/util/port.cc:113] oneDNN custom operations are on. You may see slightly different numerical results due to floating-point round-off errors from different computation orders. To turn them off, set the environment variable `TF_ENABLE_ONEDNN_OPTS=0`.
2025-06-25 15:21:29.842924: E external/local_xla/xla/stream_executor/cuda/cuda_dnn.cc:9261] Unable to register cuDNN factory: Attempting to register factory for plugin cuDNN when one has already been registered
2025-06-25 15:21:29.844209: E external/local_xla/xla/stream_executor/cuda/cuda_fft.cc:607] Unable to register cuFFT factory: Attempting to register factory for plugin cuFFT when one has already been registered
2025-06-25 15:21:29.944794: E external/local_xla/xla/stream_executor/cuda/cuda_blas.cc:1515] Unable to register cuBLAS factory: Attempting to register factory for plugin cuBLAS when one has already been registered
2025-06-25 15:21:30.193846: I tensorflow/core/platform/cpu_feature_guard.cc:182] This TensorFlow binary is optimized to use available CPU instructions in performance-critical operations.
To enable the following instructions: AVX2 AVX512F AVX512_VNNI FMA, in other operations, rebuild TensorFlow with the appropriate compiler flags.
2025-06-25 15:21:32.207457: W tensorflow/compiler/tf2tensorrt/utils/py_utils.cc:38] TF-TRT Warning: Could not find TensorRT
NetCDF files path: /leonardo_work/EUHPC_D17_070/Data_LSM_1990-2000/
NetCDF files path: /leonardo_work/EUHPC_D17_070/Data_LSM_1990-2000/
Found 16 training files:
  /leonardo_work/EUHPC_D17_070/Data_LSM_1990-2000/rtnetcdf_000_1998.nc
  /leonardo_work/EUHPC_D17_070/Data_LSM_1990-2000/rtnetcdf_001_1998.nc
  /leonardo_work/EUHPC_D17_070/Data_LSM_1990-2000/rtnetcdf_002_1998.nc
  /leonardo_work/EUHPC_D17_070/Data_LSM_1990-2000/rtnetcdf_003_1998.nc
  /leonardo_work/EUHPC_D17_070/Data_LSM_1990-2000/rtnetcdf_004_1998.nc
  /leonardo_work/EUHPC_D17_070/Data_LSM_1990-2000/rtnetcdf_005_1998.nc
  /leonardo_work/EUHPC_D17_070/Data_LSM_1990-2000/rtnetcdf_006_1998.nc
  /leonardo_work/EUHPC_D17_070/Data_LSM_1990-2000/rtnetcdf_007_1998.nc
  /leonardo_work/EUHPC_D17_070/Data_LSM_1990-2000/rtnetcdf_008_1998.nc
  /leonardo_work/EUHPC_D17_070/Data_LSM_1990-2000/rtnetcdf_009_1998.nc
  /leonardo_work/EUHPC_D17_070/Data_LSM_1990-2000/rtnetcdf_010_1998.nc
  /leonardo_work/EUHPC_D17_070/Data_LSM_1990-2000/rtnetcdf_011_1998.nc
  /leonardo_work/EUHPC_D17_070/Data_LSM_1990-2000/rtnetcdf_012_1998.nc
  /leonardo_work/EUHPC_D17_070/Data_LSM_1990-2000/rtnetcdf_013_1998.nc
  /leonardo_work/EUHPC_D17_070/Data_LSM_1990-2000/rtnetcdf_014_1998.nc
  /leonardo_work/EUHPC_D17_070/Data_LSM_1990-2000/rtnetcdf_015_1998.nc
Found 16 test files:
  /leonardo_work/EUHPC_D17_070/Data_LSM_1990-2000/rtnetcdf_000_2000.nc
  /leonardo_work/EUHPC_D17_070/Data_LSM_1990-2000/rtnetcdf_001_2000.nc
  /leonardo_work/EUHPC_D17_070/Data_LSM_1990-2000/rtnetcdf_002_2000.nc
  /leonardo_work/EUHPC_D17_070/Data_LSM_1990-2000/rtnetcdf_003_2000.nc
  /leonardo_work/EUHPC_D17_070/Data_LSM_1990-2000/rtnetcdf_004_2000.nc
  /leonardo_work/EUHPC_D17_070/Data_LSM_1990-2000/rtnetcdf_005_2000.nc
  /leonardo_work/EUHPC_D17_070/Data_LSM_1990-2000/rtnetcdf_006_2000.nc
  /leonardo_work/EUHPC_D17_070/Data_LSM_1990-2000/rtnetcdf_007_2000.nc
  /leonardo_work/EUHPC_D17_070/Data_LSM_1990-2000/rtnetcdf_008_2000.nc
  /leonardo_work/EUHPC_D17_070/Data_LSM_1990-2000/rtnetcdf_009_2000.nc
  /leonardo_work/EUHPC_D17_070/Data_LSM_1990-2000/rtnetcdf_010_2000.nc
  /leonardo_work/EUHPC_D17_070/Data_LSM_1990-2000/rtnetcdf_011_2000.nc
  /leonardo_work/EUHPC_D17_070/Data_LSM_1990-2000/rtnetcdf_012_2000.nc
  /leonardo_work/EUHPC_D17_070/Data_LSM_1990-2000/rtnetcdf_013_2000.nc
  /leonardo_work/EUHPC_D17_070/Data_LSM_1990-2000/rtnetcdf_014_2000.nc
  /leonardo_work/EUHPC_D17_070/Data_LSM_1990-2000/rtnetcdf_015_2000.nc
Time range: 0 ... 288
Spatial batches: 16
Temporal batches: 1
Model Info: {'Total': 136708, 'Trainable': 136708}
Using 2 GPUs!
Start inference...
valid_loss: 6.187e-04
valid_nmse: 2.480e-02

valid_abs12_nmse: 1.138e-01

valid_abs34_nmse: 7.381e-02

