Loading cineca-ai/4.1.1
  Loading requirement: cuda/12.1 nccl/2.19.1-1--gcc--12.2.0-cuda-12.1
    cudnn/8.9.7.29-12--gcc--12.2.0-cuda-12.1 gcc/12.2.0
    openmpi/4.1.6--gcc--12.2.0 bzip2/1.0.8-gp5wcz5 libmd/1.0.4-wja3f5q
    libbsd/0.11.7-cgxjopl expat/2.5.0-bptl3xw ncurses/6.4-asx3jea
    readline/8.2-nyw6mp6 gdbm/1.23-fs6otck libiconv/1.17-d7yvx2s
    xz/5.4.1-hubmwr5 zlib-ng/2.1.4-6htiapk libxml2/2.10.3-5eeeokp
    pigz/2.7-bopr5vp zstd/1.5.5-gawytfl tar/1.34-amqus5s gettext/0.22.3-2g7elif
    libffi/3.4.4-6r7brdq libxcrypt/4.4.35-ss2rzin sqlite/3.43.2
    util-linux-uuid/2.38.1-jkdi7kv python/3.11.6--gcc--8.5.0 cmake/3.27.7
    openjdk/11.0.20.1_1
Time = 20250623_185227
Running training with:
  Model Name      : LSTM_64_2
  Sub Folder      : lr_0d001_beta_0d001_lf_nmse_date_20250623_185227
  Prefix          : lr_0d001_beta_0d001_lf_nmse_date_20250623_185227
  Batch Size      : 16
  Temporal Batch Size      : 1
  Num Workers     : 16
  Num Epochs      : 150
  Learning Rate   : 0.001
  Loss Type       : nmse
  Weighting factor   : 0.001
  Training Data Files Path : /leonardo_work/EUHPC_D17_070/Data_LSM_1990-2000/
  Testing Data Files Path : /leonardo_work/EUHPC_D17_070/Data_LSM_1990-2000/
  Train Year       : 1998
  Test Year        : 1999

Using device: cuda
=> Saving checkpoint
=> Saving checkpoint
=> Saving checkpoint
=> Saving checkpoint
=> Saving checkpoint
=> Saving checkpoint
=> Saving checkpoint
=> Saving checkpoint
=> Saving checkpoint
=> Saving checkpoint
=> Saving checkpoint
=> Saving checkpoint
=> Saving checkpoint
=> Saving checkpoint
=> Saving checkpoint
=> Saving checkpoint
=> Saving checkpoint
=> Saving checkpoint
=> Saving checkpoint
Epoch 00043: reducing learning rate of group 0 to 5.0000e-04.
=> Saving checkpoint
=> Saving checkpoint
=> Saving checkpoint
=> Saving checkpoint
=> Saving checkpoint
=> Saving checkpoint
=> Saving checkpoint
Epoch 00058: reducing learning rate of group 0 to 2.5000e-04.
=> Saving checkpoint
=> Saving checkpoint
=> Saving checkpoint
