Loading cineca-ai/4.1.1
  Loading requirement: cuda/12.1 nccl/2.19.1-1--gcc--12.2.0-cuda-12.1
    cudnn/8.9.7.29-12--gcc--12.2.0-cuda-12.1 gcc/12.2.0
    openmpi/4.1.6--gcc--12.2.0 bzip2/1.0.8-gp5wcz5 libmd/1.0.4-wja3f5q
    libbsd/0.11.7-cgxjopl expat/2.5.0-bptl3xw ncurses/6.4-asx3jea
    readline/8.2-nyw6mp6 gdbm/1.23-fs6otck libiconv/1.17-d7yvx2s
    xz/5.4.1-hubmwr5 zlib-ng/2.1.4-6htiapk libxml2/2.10.3-5eeeokp
    pigz/2.7-bopr5vp zstd/1.5.5-gawytfl tar/1.34-amqus5s gettext/0.22.3-2g7elif
    libffi/3.4.4-6r7brdq libxcrypt/4.4.35-ss2rzin sqlite/3.43.2
    util-linux-uuid/2.38.1-jkdi7kv python/3.11.6--gcc--8.5.0 cmake/3.27.7
    openjdk/11.0.20.1_1
Time = 20250623_144941
Running training with:
  Model Name      : LSTM_64_2
  Sub Folder      : lr_0d001_beta_0d001_lf_mse_date_20250623_144941
  Prefix          : lr_0d001_beta_0d001_lf_mse_date_20250623_144941
  Batch Size      : 16
  Temporal Batch Size      : 9
  Num Workers     : 16
  Num Epochs      : 150
  Learning Rate   : 0.001
  Loss Type       : mse
  Weighting factor   : 0.001
  Training Data Files Path : /leonardo_work/EUHPC_D17_070/Data_LSM_1990-2000/
  Testing Data Files Path : /leonardo_work/EUHPC_D17_070/Data_LSM_1990-2000/
  Train Year       : 1998
  Test Year        : 1999

Using device: cuda
=> Saving checkpoint
=> Saving checkpoint
Epoch 00058: reducing learning rate of group 0 to 5.0000e-04.
=> Saving checkpoint
Epoch 00065: reducing learning rate of group 0 to 2.5000e-04.
Epoch 00071: reducing learning rate of group 0 to 1.2500e-04.
Epoch 00077: reducing learning rate of group 0 to 6.2500e-05.
=> Saving checkpoint
=> Saving checkpoint
Epoch 00100: reducing learning rate of group 0 to 3.1250e-05.
Epoch 00108: reducing learning rate of group 0 to 1.5625e-05.
Epoch 00116: reducing learning rate of group 0 to 7.8125e-06.
=> Saving checkpoint
Epoch 00125: reducing learning rate of group 0 to 3.9063e-06.
Epoch 00131: reducing learning rate of group 0 to 1.9531e-06.
=> Saving checkpoint
Epoch 00139: reducing learning rate of group 0 to 9.7656e-07.
Epoch 00145: reducing learning rate of group 0 to 4.8828e-07.
making plot 0
making plot 1
making plot 2
making plot 3
making plot 4
making plot 5
making plot 6
making plot 7
making plot 8
making plot 9
making plot 10
making plot 11
