2025-06-25 10:32:18.887907: I tensorflow/core/util/port.cc:113] oneDNN custom operations are on. You may see slightly different numerical results due to floating-point round-off errors from different computation orders. To turn them off, set the environment variable `TF_ENABLE_ONEDNN_OPTS=0`.
2025-06-25 10:32:19.550088: E external/local_xla/xla/stream_executor/cuda/cuda_dnn.cc:9261] Unable to register cuDNN factory: Attempting to register factory for plugin cuDNN when one has already been registered
2025-06-25 10:32:19.551348: E external/local_xla/xla/stream_executor/cuda/cuda_fft.cc:607] Unable to register cuFFT factory: Attempting to register factory for plugin cuFFT when one has already been registered
2025-06-25 10:32:19.652792: E external/local_xla/xla/stream_executor/cuda/cuda_blas.cc:1515] Unable to register cuBLAS factory: Attempting to register factory for plugin cuBLAS when one has already been registered
2025-06-25 10:32:19.897910: I tensorflow/core/platform/cpu_feature_guard.cc:182] This TensorFlow binary is optimized to use available CPU instructions in performance-critical operations.
To enable the following instructions: AVX2 AVX512F AVX512_VNNI FMA, in other operations, rebuild TensorFlow with the appropriate compiler flags.
2025-06-25 10:32:21.928666: W tensorflow/compiler/tf2tensorrt/utils/py_utils.cc:38] TF-TRT Warning: Could not find TensorRT
NetCDF files path: /leonardo_work/EUHPC_D17_070/Data_LSM_1990-2000/
NetCDF files path: /leonardo_work/EUHPC_D17_070/Data_LSM_1990-2000/
Found 16 training files:
  /leonardo_work/EUHPC_D17_070/Data_LSM_1990-2000/rtnetcdf_000_1998.nc
  /leonardo_work/EUHPC_D17_070/Data_LSM_1990-2000/rtnetcdf_001_1998.nc
  /leonardo_work/EUHPC_D17_070/Data_LSM_1990-2000/rtnetcdf_002_1998.nc
  /leonardo_work/EUHPC_D17_070/Data_LSM_1990-2000/rtnetcdf_003_1998.nc
  /leonardo_work/EUHPC_D17_070/Data_LSM_1990-2000/rtnetcdf_004_1998.nc
  /leonardo_work/EUHPC_D17_070/Data_LSM_1990-2000/rtnetcdf_005_1998.nc
  /leonardo_work/EUHPC_D17_070/Data_LSM_1990-2000/rtnetcdf_006_1998.nc
  /leonardo_work/EUHPC_D17_070/Data_LSM_1990-2000/rtnetcdf_007_1998.nc
  /leonardo_work/EUHPC_D17_070/Data_LSM_1990-2000/rtnetcdf_008_1998.nc
  /leonardo_work/EUHPC_D17_070/Data_LSM_1990-2000/rtnetcdf_009_1998.nc
  /leonardo_work/EUHPC_D17_070/Data_LSM_1990-2000/rtnetcdf_010_1998.nc
  /leonardo_work/EUHPC_D17_070/Data_LSM_1990-2000/rtnetcdf_011_1998.nc
  /leonardo_work/EUHPC_D17_070/Data_LSM_1990-2000/rtnetcdf_012_1998.nc
  /leonardo_work/EUHPC_D17_070/Data_LSM_1990-2000/rtnetcdf_013_1998.nc
  /leonardo_work/EUHPC_D17_070/Data_LSM_1990-2000/rtnetcdf_014_1998.nc
  /leonardo_work/EUHPC_D17_070/Data_LSM_1990-2000/rtnetcdf_015_1998.nc
Found 16 test files:
  /leonardo_work/EUHPC_D17_070/Data_LSM_1990-2000/rtnetcdf_000_2000.nc
  /leonardo_work/EUHPC_D17_070/Data_LSM_1990-2000/rtnetcdf_001_2000.nc
  /leonardo_work/EUHPC_D17_070/Data_LSM_1990-2000/rtnetcdf_002_2000.nc
  /leonardo_work/EUHPC_D17_070/Data_LSM_1990-2000/rtnetcdf_003_2000.nc
  /leonardo_work/EUHPC_D17_070/Data_LSM_1990-2000/rtnetcdf_004_2000.nc
  /leonardo_work/EUHPC_D17_070/Data_LSM_1990-2000/rtnetcdf_005_2000.nc
  /leonardo_work/EUHPC_D17_070/Data_LSM_1990-2000/rtnetcdf_006_2000.nc
  /leonardo_work/EUHPC_D17_070/Data_LSM_1990-2000/rtnetcdf_007_2000.nc
  /leonardo_work/EUHPC_D17_070/Data_LSM_1990-2000/rtnetcdf_008_2000.nc
  /leonardo_work/EUHPC_D17_070/Data_LSM_1990-2000/rtnetcdf_009_2000.nc
  /leonardo_work/EUHPC_D17_070/Data_LSM_1990-2000/rtnetcdf_010_2000.nc
  /leonardo_work/EUHPC_D17_070/Data_LSM_1990-2000/rtnetcdf_011_2000.nc
  /leonardo_work/EUHPC_D17_070/Data_LSM_1990-2000/rtnetcdf_012_2000.nc
  /leonardo_work/EUHPC_D17_070/Data_LSM_1990-2000/rtnetcdf_013_2000.nc
  /leonardo_work/EUHPC_D17_070/Data_LSM_1990-2000/rtnetcdf_014_2000.nc
  /leonardo_work/EUHPC_D17_070/Data_LSM_1990-2000/rtnetcdf_015_2000.nc
Time range: 0 ... 288
Spatial batches: 16
Temporal batches: 1
Model Info: {'Total': 102660, 'Trainable': 102660}
Using 2 GPUs!
Start inference...
Traceback (most recent call last):
  File "/leonardo/home/userexternal/kardaneh/RTnn/src/inference_lsm.py", line 204, in <module>
    valid_loss, valid_metrics = check_accuracy_evaluate_lsm(
                                ^^^^^^^^^^^^^^^^^^^^^^^^^^^^
  File "/leonardo/home/userexternal/kardaneh/RTnn/src/evaluate_helper.py", line 204, in check_accuracy_evaluate_lsm
    plot_flux_and_abs(
  File "/leonardo/home/userexternal/kardaneh/RTnn/src/plot_helper.py", line 104, in plot_flux_and_abs
    fig, axes = plt.subplots(3, 2, figsize=(10, 15), left=0.1,right=0.9,top=0.9,bottom=0.1)
                ^^^^^^^^^^^^^^^^^^^^^^^^^^^^^^^^^^^^^^^^^^^^^^^^^^^^^^^^^^^^^^^^^^^^^^^^^^^
  File "/leonardo/prod/opt/libraries/cineca-ai/4.1.1/none/cineca-ai-env/lib/python3.11/site-packages/matplotlib/pyplot.py", line 1613, in subplots
    fig = figure(**fig_kw)
          ^^^^^^^^^^^^^^^^
  File "/leonardo/prod/opt/libraries/cineca-ai/4.1.1/none/cineca-ai-env/lib/python3.11/site-packages/matplotlib/pyplot.py", line 934, in figure
    manager = new_figure_manager(
              ^^^^^^^^^^^^^^^^^^^
  File "/leonardo/prod/opt/libraries/cineca-ai/4.1.1/none/cineca-ai-env/lib/python3.11/site-packages/matplotlib/pyplot.py", line 465, in new_figure_manager
    return _get_backend_mod().new_figure_manager(*args, **kwargs)
           ^^^^^^^^^^^^^^^^^^^^^^^^^^^^^^^^^^^^^^^^^^^^^^^^^^^^^^
  File "/leonardo/prod/opt/libraries/cineca-ai/4.1.1/none/cineca-ai-env/lib/python3.11/site-packages/matplotlib/backend_bases.py", line 3410, in new_figure_manager
    fig = fig_cls(*args, **kwargs)
          ^^^^^^^^^^^^^^^^^^^^^^^^
  File "/leonardo/prod/opt/libraries/cineca-ai/4.1.1/none/cineca-ai-env/lib/python3.11/site-packages/matplotlib/figure.py", line 2494, in __init__
    super().__init__(**kwargs)
  File "/leonardo/prod/opt/libraries/cineca-ai/4.1.1/none/cineca-ai-env/lib/python3.11/site-packages/matplotlib/figure.py", line 213, in __init__
    self.set(**kwargs)
  File "/leonardo/prod/opt/libraries/cineca-ai/4.1.1/none/cineca-ai-env/lib/python3.11/site-packages/matplotlib/artist.py", line 147, in <lambda>
    cls.set = lambda self, **kwargs: Artist.set(self, **kwargs)
                                     ^^^^^^^^^^^^^^^^^^^^^^^^^^
  File "/leonardo/prod/opt/libraries/cineca-ai/4.1.1/none/cineca-ai-env/lib/python3.11/site-packages/matplotlib/artist.py", line 1227, in set
    return self._internal_update(cbook.normalize_kwargs(kwargs, self))
           ^^^^^^^^^^^^^^^^^^^^^^^^^^^^^^^^^^^^^^^^^^^^^^^^^^^^^^^^^^^
  File "/leonardo/prod/opt/libraries/cineca-ai/4.1.1/none/cineca-ai-env/lib/python3.11/site-packages/matplotlib/artist.py", line 1219, in _internal_update
    return self._update_props(
           ^^^^^^^^^^^^^^^^^^^
  File "/leonardo/prod/opt/libraries/cineca-ai/4.1.1/none/cineca-ai-env/lib/python3.11/site-packages/matplotlib/artist.py", line 1193, in _update_props
    raise AttributeError(
AttributeError: Figure.set() got an unexpected keyword argument 'left'
