Time = 20250625_023855
Running training with:
  Model Name      : LSTM_64_2
  Sub Folder      : lr_0d001_beta_0d001_lf_nmse_date_20250625_023855
  Prefix          : lr_0d001_beta_0d001_lf_nmse_date_20250625_023855
  Batch Size      : 16
  Temporal Batch Size      : 1
  Num Workers     : 16
  Num Epochs      : 150
  Learning Rate   : 0.001
  Loss Type       : nmse
  Weighting factor   : 0.001
  Training Data Files Path : /leonardo_work/EUHPC_D17_070/Data_LSM_1990-2000/
  Testing Data Files Path : /leonardo_work/EUHPC_D17_070/Data_LSM_1990-2000/
  Train Year       : 1998
  Test Year        : 1999

Using device: cuda
=> Saving checkpoint
=> Saving checkpoint
=> Saving checkpoint
=> Saving checkpoint
=> Saving checkpoint
=> Saving checkpoint
=> Saving checkpoint
=> Saving checkpoint
=> Saving checkpoint
=> Saving checkpoint
=> Saving checkpoint
=> Saving checkpoint
=> Saving checkpoint
=> Saving checkpoint
=> Saving checkpoint
=> Saving checkpoint
=> Saving checkpoint
=> Saving checkpoint
=> Saving checkpoint
Epoch 00043: reducing learning rate of group 0 to 5.0000e-04.
=> Saving checkpoint
=> Saving checkpoint
=> Saving checkpoint
=> Saving checkpoint
=> Saving checkpoint
=> Saving checkpoint
=> Saving checkpoint
Epoch 00058: reducing learning rate of group 0 to 2.5000e-04.
=> Saving checkpoint
=> Saving checkpoint
=> Saving checkpoint
=> Saving checkpoint
Epoch 00067: reducing learning rate of group 0 to 1.2500e-04.
=> Saving checkpoint
=> Saving checkpoint
=> Saving checkpoint
=> Saving checkpoint
=> Saving checkpoint
=> Saving checkpoint
=> Saving checkpoint
=> Saving checkpoint
=> Saving checkpoint
=> Saving checkpoint
Epoch 00087: reducing learning rate of group 0 to 6.2500e-05.
=> Saving checkpoint
=> Saving checkpoint
Epoch 00093: reducing learning rate of group 0 to 3.1250e-05.
=> Saving checkpoint
=> Saving checkpoint
=> Saving checkpoint
Epoch 00099: reducing learning rate of group 0 to 1.5625e-05.
=> Saving checkpoint
=> Saving checkpoint
=> Saving checkpoint
=> Saving checkpoint
Epoch 00108: reducing learning rate of group 0 to 7.8125e-06.
=> Saving checkpoint
=> Saving checkpoint
=> Saving checkpoint
Epoch 00114: reducing learning rate of group 0 to 3.9063e-06.
=> Saving checkpoint
=> Saving checkpoint
=> Saving checkpoint
Epoch 00121: reducing learning rate of group 0 to 1.9531e-06.
=> Saving checkpoint
=> Saving checkpoint
=> Saving checkpoint
Epoch 00127: reducing learning rate of group 0 to 9.7656e-07.
=> Saving checkpoint
=> Saving checkpoint
=> Saving checkpoint
=> Saving checkpoint
=> Saving checkpoint
Epoch 00139: reducing learning rate of group 0 to 4.8828e-07.
=> Saving checkpoint
=> Saving checkpoint
=> Saving checkpoint
Epoch 00145: reducing learning rate of group 0 to 2.4414e-07.
=> Saving checkpoint
=> Saving checkpoint
=> Saving checkpoint
making plot 0
making plot 1
making plot 2
making plot 3
making plot 4
making plot 5
making plot 6
making plot 7
making plot 8
making plot 9
making plot 10
making plot 11
