2025-06-30 23:32:05.939861: I tensorflow/core/util/port.cc:113] oneDNN custom operations are on. You may see slightly different numerical results due to floating-point round-off errors from different computation orders. To turn them off, set the environment variable `TF_ENABLE_ONEDNN_OPTS=0`.
2025-06-30 23:32:06.651282: E external/local_xla/xla/stream_executor/cuda/cuda_dnn.cc:9261] Unable to register cuDNN factory: Attempting to register factory for plugin cuDNN when one has already been registered
2025-06-30 23:32:06.652385: E external/local_xla/xla/stream_executor/cuda/cuda_fft.cc:607] Unable to register cuFFT factory: Attempting to register factory for plugin cuFFT when one has already been registered
2025-06-30 23:32:06.755380: E external/local_xla/xla/stream_executor/cuda/cuda_blas.cc:1515] Unable to register cuBLAS factory: Attempting to register factory for plugin cuBLAS when one has already been registered
2025-06-30 23:32:07.030391: I tensorflow/core/platform/cpu_feature_guard.cc:182] This TensorFlow binary is optimized to use available CPU instructions in performance-critical operations.
To enable the following instructions: AVX2 AVX512F AVX512_VNNI FMA, in other operations, rebuild TensorFlow with the appropriate compiler flags.
2025-06-30 23:32:09.210671: W tensorflow/compiler/tf2tensorrt/utils/py_utils.cc:38] TF-TRT Warning: Could not find TensorRT
NetCDF files path: /leonardo_work/EUHPC_D17_070/Data_LSM_1990-2000/
NetCDF files path: /leonardo_work/EUHPC_D17_070/Data_LSM_1990-2000/
Found 16 training files:
  /leonardo_work/EUHPC_D17_070/Data_LSM_1990-2000/rtnetcdf_000_1998.nc
  /leonardo_work/EUHPC_D17_070/Data_LSM_1990-2000/rtnetcdf_001_1998.nc
  /leonardo_work/EUHPC_D17_070/Data_LSM_1990-2000/rtnetcdf_002_1998.nc
  /leonardo_work/EUHPC_D17_070/Data_LSM_1990-2000/rtnetcdf_003_1998.nc
  /leonardo_work/EUHPC_D17_070/Data_LSM_1990-2000/rtnetcdf_004_1998.nc
  /leonardo_work/EUHPC_D17_070/Data_LSM_1990-2000/rtnetcdf_005_1998.nc
  /leonardo_work/EUHPC_D17_070/Data_LSM_1990-2000/rtnetcdf_006_1998.nc
  /leonardo_work/EUHPC_D17_070/Data_LSM_1990-2000/rtnetcdf_007_1998.nc
  /leonardo_work/EUHPC_D17_070/Data_LSM_1990-2000/rtnetcdf_008_1998.nc
  /leonardo_work/EUHPC_D17_070/Data_LSM_1990-2000/rtnetcdf_009_1998.nc
  /leonardo_work/EUHPC_D17_070/Data_LSM_1990-2000/rtnetcdf_010_1998.nc
  /leonardo_work/EUHPC_D17_070/Data_LSM_1990-2000/rtnetcdf_011_1998.nc
  /leonardo_work/EUHPC_D17_070/Data_LSM_1990-2000/rtnetcdf_012_1998.nc
  /leonardo_work/EUHPC_D17_070/Data_LSM_1990-2000/rtnetcdf_013_1998.nc
  /leonardo_work/EUHPC_D17_070/Data_LSM_1990-2000/rtnetcdf_014_1998.nc
  /leonardo_work/EUHPC_D17_070/Data_LSM_1990-2000/rtnetcdf_015_1998.nc
Found 16 test files:
  /leonardo_work/EUHPC_D17_070/Data_LSM_1990-2000/rtnetcdf_000_1999.nc
  /leonardo_work/EUHPC_D17_070/Data_LSM_1990-2000/rtnetcdf_001_1999.nc
  /leonardo_work/EUHPC_D17_070/Data_LSM_1990-2000/rtnetcdf_002_1999.nc
  /leonardo_work/EUHPC_D17_070/Data_LSM_1990-2000/rtnetcdf_003_1999.nc
  /leonardo_work/EUHPC_D17_070/Data_LSM_1990-2000/rtnetcdf_004_1999.nc
  /leonardo_work/EUHPC_D17_070/Data_LSM_1990-2000/rtnetcdf_005_1999.nc
  /leonardo_work/EUHPC_D17_070/Data_LSM_1990-2000/rtnetcdf_006_1999.nc
  /leonardo_work/EUHPC_D17_070/Data_LSM_1990-2000/rtnetcdf_007_1999.nc
  /leonardo_work/EUHPC_D17_070/Data_LSM_1990-2000/rtnetcdf_008_1999.nc
  /leonardo_work/EUHPC_D17_070/Data_LSM_1990-2000/rtnetcdf_009_1999.nc
  /leonardo_work/EUHPC_D17_070/Data_LSM_1990-2000/rtnetcdf_010_1999.nc
  /leonardo_work/EUHPC_D17_070/Data_LSM_1990-2000/rtnetcdf_011_1999.nc
  /leonardo_work/EUHPC_D17_070/Data_LSM_1990-2000/rtnetcdf_012_1999.nc
  /leonardo_work/EUHPC_D17_070/Data_LSM_1990-2000/rtnetcdf_013_1999.nc
  /leonardo_work/EUHPC_D17_070/Data_LSM_1990-2000/rtnetcdf_014_1999.nc
  /leonardo_work/EUHPC_D17_070/Data_LSM_1990-2000/rtnetcdf_015_1999.nc
Reading and collecting variables across files...
Processing file: /leonardo_work/EUHPC_D17_070/Data_LSM_1990-2000/rtnetcdf_000_1998.nc
Processing file: /leonardo_work/EUHPC_D17_070/Data_LSM_1990-2000/rtnetcdf_001_1998.nc
Processing file: /leonardo_work/EUHPC_D17_070/Data_LSM_1990-2000/rtnetcdf_002_1998.nc
Processing file: /leonardo_work/EUHPC_D17_070/Data_LSM_1990-2000/rtnetcdf_003_1998.nc
Processing file: /leonardo_work/EUHPC_D17_070/Data_LSM_1990-2000/rtnetcdf_004_1998.nc
Processing file: /leonardo_work/EUHPC_D17_070/Data_LSM_1990-2000/rtnetcdf_005_1998.nc
Processing file: /leonardo_work/EUHPC_D17_070/Data_LSM_1990-2000/rtnetcdf_006_1998.nc
Processing file: /leonardo_work/EUHPC_D17_070/Data_LSM_1990-2000/rtnetcdf_007_1998.nc
Processing file: /leonardo_work/EUHPC_D17_070/Data_LSM_1990-2000/rtnetcdf_008_1998.nc
Processing file: /leonardo_work/EUHPC_D17_070/Data_LSM_1990-2000/rtnetcdf_009_1998.nc
Processing file: /leonardo_work/EUHPC_D17_070/Data_LSM_1990-2000/rtnetcdf_010_1998.nc
Processing file: /leonardo_work/EUHPC_D17_070/Data_LSM_1990-2000/rtnetcdf_011_1998.nc
Processing file: /leonardo_work/EUHPC_D17_070/Data_LSM_1990-2000/rtnetcdf_012_1998.nc
Processing file: /leonardo_work/EUHPC_D17_070/Data_LSM_1990-2000/rtnetcdf_013_1998.nc
Processing file: /leonardo_work/EUHPC_D17_070/Data_LSM_1990-2000/rtnetcdf_014_1998.nc
Processing file: /leonardo_work/EUHPC_D17_070/Data_LSM_1990-2000/rtnetcdf_015_1998.nc
Variable: coszang
  vmin: 0.0000e+00
  vmax: 9.1730e-01
  vmean: 2.3329e-01
  vstd: 2.7159e-01
  q1: 0.0000e+00
  q3: 4.1745e-01
  iqr: 4.1745e-01
  median: 1.1115e-01
  log_min: 0.0000e+00
  log_max: 6.5092e-01
  log_mean: 1.8766e-01
  log_std: 2.0497e-01
  log_q1: 0.0000e+00
  log_q3: 3.4886e-01
  log_iqr: 3.4886e-01
  log_median: 1.0540e-01
  sqrt_min: 0.0000e+00
  sqrt_max: 9.5776e-01
  sqrt_mean: 3.6299e-01
  sqrt_std: 3.1864e-01
  sqrt_q1: 0.0000e+00
  sqrt_q3: 6.4610e-01
  sqrt_iqr: 6.4610e-01
  sqrt_median: 3.3339e-01
Variable: laieff_collim
  vmin: 0.0000e+00
  vmax: 5.8805e+00
  vmean: 4.9186e-02
  vstd: 1.8567e-01
  q1: 0.0000e+00
  q3: 0.0000e+00
  iqr: 1.0000e+00
  median: 0.0000e+00
  log_min: 0.0000e+00
  log_max: 1.9287e+00
  log_mean: 3.7769e-02
  log_std: 1.2948e-01
  log_q1: 0.0000e+00
  log_q3: 0.0000e+00
  log_iqr: 1.0000e+00
  log_median: 0.0000e+00
  sqrt_min: 0.0000e+00
  sqrt_max: 2.4250e+00
  sqrt_mean: 7.3706e-02
  sqrt_std: 2.0917e-01
  sqrt_q1: 0.0000e+00
  sqrt_q3: 0.0000e+00
  sqrt_iqr: 1.0000e+00
  sqrt_median: 0.0000e+00
Variable: laieff_isotrop
  vmin: 0.0000e+00
  vmax: 2.7352e+00
  vmean: 5.5054e-02
  vstd: 1.9124e-01
  q1: 0.0000e+00
  q3: 0.0000e+00
  iqr: 1.0000e+00
  median: 0.0000e+00
  log_min: 0.0000e+00
  log_max: 1.3178e+00
  log_mean: 4.2334e-02
  log_std: 1.3695e-01
  log_q1: 0.0000e+00
  log_q3: 0.0000e+00
  log_iqr: 1.0000e+00
  log_median: 0.0000e+00
  sqrt_min: 0.0000e+00
  sqrt_max: 1.6538e+00
  sqrt_mean: 7.9683e-02
  sqrt_std: 2.2069e-01
  sqrt_q1: 0.0000e+00
  sqrt_q3: 0.0000e+00
  sqrt_iqr: 1.0000e+00
  sqrt_median: 0.0000e+00
Variable: leaf_ssa
  vmin: 1.2156e-01
  vmax: 8.4980e-01
  vmean: 4.3770e-01
  vstd: 2.8002e-01
  q1: 1.7176e-01
  q3: 7.1212e-01
  iqr: 5.4036e-01
  median: 4.2645e-01
  log_min: 1.1472e-01
  log_max: 6.1508e-01
  log_mean: 3.4375e-01
  log_std: 1.9698e-01
  log_q1: 1.5851e-01
  log_q3: 5.3773e-01
  log_iqr: 3.7923e-01
  log_median: 3.3935e-01
  sqrt_min: 3.4865e-01
  sqrt_max: 9.2185e-01
  sqrt_mean: 6.2219e-01
  sqrt_std: 2.2490e-01
  sqrt_q1: 4.1444e-01
  sqrt_q3: 8.4387e-01
  sqrt_iqr: 4.2943e-01
  sqrt_median: 6.2070e-01
Variable: leaf_psd
  vmin: 9.6500e-01
  vmax: 2.4350e+00
  vmean: 1.5255e+00
  vstd: 5.2268e-01
  q1: 1.0030e+00
  q3: 2.0240e+00
  iqr: 1.0210e+00
  median: 1.5590e+00
  log_min: 6.7549e-01
  log_max: 1.2340e+00
  log_mean: 9.0471e-01
  log_std: 2.0901e-01
  log_q1: 6.9465e-01
  log_q3: 1.1066e+00
  log_iqr: 4.1193e-01
  log_median: 9.2823e-01
  sqrt_min: 9.8234e-01
  sqrt_max: 1.5604e+00
  sqrt_mean: 1.2164e+00
  sqrt_std: 2.1405e-01
  sqrt_q1: 1.0015e+00
  sqrt_q3: 1.4227e+00
  sqrt_iqr: 4.2117e-01
  sqrt_median: 1.2389e+00
Variable: rs_surface_emu
  vmin: 0.0000e+00
  vmax: 4.6999e-01
  vmean: 4.0560e-02
  vstd: 7.5199e-02
  q1: 0.0000e+00
  q3: 5.5900e-02
  iqr: 5.5900e-02
  median: 0.0000e+00
  log_min: 0.0000e+00
  log_max: 3.8526e-01
  log_mean: 3.7353e-02
  log_std: 6.7978e-02
  log_q1: 0.0000e+00
  log_q3: 5.4393e-02
  log_iqr: 5.4393e-02
  log_median: 0.0000e+00
  sqrt_min: 0.0000e+00
  sqrt_max: 6.8556e-01
  sqrt_mean: 1.0415e-01
  sqrt_std: 1.7237e-01
  sqrt_q1: 0.0000e+00
  sqrt_q3: 2.3643e-01
  sqrt_iqr: 2.3643e-01
  sqrt_median: 0.0000e+00
Variable: collim_alb
  vmin: 0.0000e+00
  vmax: 6.1992e-01
  vmean: 3.8401e-02
  vstd: 8.3422e-02
  q1: 0.0000e+00
  q3: 1.2495e-02
  iqr: 1.2495e-02
  median: 0.0000e+00
  log_min: 0.0000e+00
  log_max: 4.8238e-01
  log_mean: 3.4804e-02
  log_std: 7.3754e-02
  log_q1: 0.0000e+00
  log_q3: 1.2418e-02
  log_iqr: 1.2418e-02
  log_median: 0.0000e+00
  sqrt_min: 0.0000e+00
  sqrt_max: 7.8735e-01
  sqrt_mean: 9.3970e-02
  sqrt_std: 1.7196e-01
  sqrt_q1: 0.0000e+00
  sqrt_q3: 1.1178e-01
  sqrt_iqr: 1.1178e-01
  sqrt_median: 0.0000e+00
Variable: collim_tran
  vmin: 0.0000e+00
  vmax: 1.0000e+00
  vmean: 2.1643e-01
  vstd: 3.9245e-01
  q1: 0.0000e+00
  q3: 1.4446e-01
  iqr: 1.4446e-01
  median: 0.0000e+00
  log_min: 0.0000e+00
  log_max: 6.9315e-01
  log_mean: 1.5384e-01
  log_std: 2.7425e-01
  log_q1: 0.0000e+00
  log_q3: 1.3493e-01
  log_iqr: 1.3493e-01
  log_median: 0.0000e+00
  sqrt_min: 0.0000e+00
  sqrt_max: 1.0000e+00
  sqrt_mean: 2.3540e-01
  sqrt_std: 4.0127e-01
  sqrt_q1: 0.0000e+00
  sqrt_q3: 3.8008e-01
  sqrt_iqr: 3.8008e-01
  sqrt_median: 0.0000e+00
Variable: collim_abs
  vmin: -4.6566e-10
  vmax: 8.9843e-01
  vmean: 9.5911e-03
  vstd: 4.6353e-02
  q1: 0.0000e+00
  q3: 0.0000e+00
  iqr: 1.0000e+00
  median: 0.0000e+00
  log_min: 0.0000e+00
  log_max: 6.4103e-01
  log_mean: 8.6990e-03
  log_std: 3.9078e-02
  log_q1: 0.0000e+00
  log_q3: 0.0000e+00
  log_iqr: 1.0000e+00
  log_median: 0.0000e+00
  sqrt_min: 0.0000e+00
  sqrt_max: 9.4785e-01
  sqrt_mean: 2.7605e-02
  sqrt_std: 9.3963e-02
  sqrt_q1: 0.0000e+00
  sqrt_q3: 0.0000e+00
  sqrt_iqr: 1.0000e+00
  sqrt_median: 0.0000e+00
Variable: isotrop_alb
  vmin: 0.0000e+00
  vmax: 4.6825e-01
  vmean: 3.8277e-02
  vstd: 7.8498e-02
  q1: 0.0000e+00
  q3: 2.4413e-02
  iqr: 2.4413e-02
  median: 0.0000e+00
  log_min: 0.0000e+00
  log_max: 3.8407e-01
  log_mean: 3.4963e-02
  log_std: 7.0427e-02
  log_q1: 0.0000e+00
  log_q3: 2.4120e-02
  log_iqr: 2.4120e-02
  log_median: 0.0000e+00
  sqrt_min: 0.0000e+00
  sqrt_max: 6.8429e-01
  sqrt_mean: 9.6384e-02
  sqrt_std: 1.7026e-01
  sqrt_q1: 0.0000e+00
  sqrt_q3: 1.5625e-01
  sqrt_iqr: 1.5625e-01
  sqrt_median: 0.0000e+00
Variable: isotrop_tran
  vmin: 0.0000e+00
  vmax: 1.0000e+00
  vmean: 2.3691e-01
  vstd: 4.0472e-01
  q1: 0.0000e+00
  q3: 3.6417e-01
  iqr: 3.6417e-01
  median: 0.0000e+00
  log_min: 0.0000e+00
  log_max: 6.9315e-01
  log_mean: 1.6824e-01
  log_std: 2.8337e-01
  log_q1: 0.0000e+00
  log_q3: 3.1054e-01
  log_iqr: 3.1054e-01
  log_median: 0.0000e+00
  sqrt_min: 0.0000e+00
  sqrt_max: 1.0000e+00
  sqrt_mean: 2.5363e-01
  sqrt_std: 4.1544e-01
  sqrt_q1: 0.0000e+00
  sqrt_q3: 6.0346e-01
  sqrt_iqr: 6.0346e-01
  sqrt_median: 0.0000e+00
Variable: isotrop_abs
  vmin: -1.8874e-15
  vmax: 5.3107e-01
  vmean: 8.6080e-03
  vstd: 3.4393e-02
  q1: 0.0000e+00
  q3: 0.0000e+00
  iqr: 1.0000e+00
  median: 0.0000e+00
  log_min: 0.0000e+00
  log_max: 4.2597e-01
  log_mean: 8.0520e-03
  log_std: 3.1343e-02
  log_q1: 0.0000e+00
  log_q3: 0.0000e+00
  log_iqr: 1.0000e+00
  log_median: 0.0000e+00
  sqrt_min: 0.0000e+00
  sqrt_max: 7.2875e-01
  sqrt_mean: 2.7554e-02
  sqrt_std: 8.8593e-02
  sqrt_q1: 0.0000e+00
  sqrt_q3: 0.0000e+00
  sqrt_iqr: 1.0000e+00
  sqrt_median: 0.0000e+00
Time range: 0 ... 288
Spatial batches: 16
Temporal batches: 1
Time range: 0 ... 288
Spatial batches: 16
Temporal batches: 24
Train size: 4608, Test size: 192
Model Info: {'Total': 136708, 'Trainable': 136708}
Start training...
Epoch 0:   0%|          | 0/96 [00:00<?, ?it/s]batch idx:0, feature shape:torch.Size([48, 7860, 6, 10]), target shape:torch.Size([48, 7860, 4, 10])
Epoch 0:   0%|          | 0/96 [00:02<?, ?it/s, loss=1.02]/leonardo/prod/opt/libraries/cineca-ai/4.1.1/none/cineca-ai-env/lib/python3.11/site-packages/torch/autograd/__init__.py:200: UserWarning: Error detected in CudnnRnnBackward0. Traceback of forward call that caused the error:
  File "/leonardo/home/userexternal/kardaneh/RTnn/src/main_lsm.py", line 308, in <module>
    predicts = model(feature)
  File "/leonardo/prod/opt/libraries/cineca-ai/4.1.1/none/cineca-ai-env/lib/python3.11/site-packages/torch/nn/modules/module.py", line 1501, in _call_impl
    return forward_call(*args, **kwargs)
  File "/leonardo/home/userexternal/kardaneh/RTnn/src/ConvLSTM1D.py", line 59, in forward
    out, _ = self.lstm(x, (h0, c0))
  File "/leonardo/prod/opt/libraries/cineca-ai/4.1.1/none/cineca-ai-env/lib/python3.11/site-packages/torch/nn/modules/module.py", line 1501, in _call_impl
    return forward_call(*args, **kwargs)
  File "/leonardo/prod/opt/libraries/cineca-ai/4.1.1/none/cineca-ai-env/lib/python3.11/site-packages/torch/nn/modules/rnn.py", line 812, in forward
    result = _VF.lstm(input, hx, self._flat_weights, self.bias, self.num_layers,
 (Triggered internally at /leonardo/prod/build/libraries/cineca-ai/4.1.1/none/BA_WORK/cineca-ai-4.1.1/work-dir/000004/000000_cineca-ai/work/sources/pytorch/torch/csrc/autograd/python_anomaly_mode.cpp:114.)
  Variable._execution_engine.run_backward(  # Calls into the C++ engine to run the backward pass
Epoch 0:   0%|          | 0/96 [00:05<?, ?it/s, loss=1.02]
Traceback (most recent call last):
  File "/leonardo/home/userexternal/kardaneh/RTnn/src/main_lsm.py", line 335, in <module>
    total_loss.backward()
  File "/leonardo/prod/opt/libraries/cineca-ai/4.1.1/none/cineca-ai-env/lib/python3.11/site-packages/torch/_tensor.py", line 487, in backward
    torch.autograd.backward(
  File "/leonardo/prod/opt/libraries/cineca-ai/4.1.1/none/cineca-ai-env/lib/python3.11/site-packages/torch/autograd/__init__.py", line 200, in backward
    Variable._execution_engine.run_backward(  # Calls into the C++ engine to run the backward pass
torch.cuda.OutOfMemoryError: CUDA out of memory. Tried to allocate 27.02 GiB (GPU 0; 63.42 GiB total capacity; 27.87 GiB already allocated; 11.33 GiB free; 50.29 GiB reserved in total by PyTorch) If reserved memory is >> allocated memory try setting max_split_size_mb to avoid fragmentation.  See documentation for Memory Management and PYTORCH_CUDA_ALLOC_CONF
